Build started 12/11/2015 6:33:03 PM.
     1>Project "C:\Users\155134X\Desktop\Assignment01_155134X_TangZhiTern\Assignment01_155134X_TangZhiTern\Assignment01_155134X_TangZhiTern.vcxproj" on node 2 (Rebuild target(s)).
     1>ClCompile:
         C:\Program Files (x86)\Microsoft Visual Studio 12.0\VC\bin\CL.exe /c /ZI /nologo /W3 /WX- /sdl /Od /Oy- /D WIN32 /D _DEBUG /D _CONSOLE /D _LIB /D _UNICODE /D UNICODE /Gm /EHsc /RTC1 /MDd /GS /fp:precise /Zc:wchar_t /Zc:forScope /Fo"Debug\\" /Fd"Debug\vc120.pdb" /Gd /TP /analyze- /errorReport:prompt Dweller.cpp GameObject.cpp Item.cpp Outfit.cpp Vec2D.cpp Weapon.cpp
         Weapon.cpp
         Vec2D.cpp
         Outfit.cpp
         Item.cpp
         GameObject.cpp
         Dweller.cpp
         Generating Code...
       Link:
         C:\Program Files (x86)\Microsoft Visual Studio 12.0\VC\bin\link.exe /ERRORREPORT:PROMPT /OUT:"C:\Users\155134X\Desktop\Assignment01_155134X_TangZhiTern\Debug\Assignment01_155134X_TangZhiTern.exe" /INCREMENTAL /NOLOGO kernel32.lib user32.lib gdi32.lib winspool.lib comdlg32.lib advapi32.lib shell32.lib ole32.lib oleaut32.lib uuid.lib odbc32.lib odbccp32.lib /MANIFEST /MANIFESTUAC:"level='asInvoker' uiAccess='false'" /manifest:embed /DEBUG /PDB:"C:\Users\155134X\Desktop\Assignment01_155134X_TangZhiTern\Debug\Assignment01_155134X_TangZhiTern.pdb" /SUBSYSTEM:CONSOLE /TLBID:1 /DYNAMICBASE /NXCOMPAT /IMPLIB:"C:\Users\155134X\Desktop\Assignment01_155134X_TangZhiTern\Debug\Assignment01_155134X_TangZhiTern.lib" /MACHINE:X86 Debug\Dweller.obj
         Debug\GameObject.obj
         Debug\Item.obj
         Debug\Outfit.obj
         Debug\Vec2D.obj
         Debug\Weapon.obj
     1>MSVCRTD.lib(crtexe.obj) : error LNK2019: unresolved external symbol _main referenced in function ___tmainCRTStartup
     1>C:\Users\155134X\Desktop\Assignment01_155134X_TangZhiTern\Debug\Assignment01_155134X_TangZhiTern.exe : fatal error LNK1120: 1 unresolved externals
     1>Done Building Project "C:\Users\155134X\Desktop\Assignment01_155134X_TangZhiTern\Assignment01_155134X_TangZhiTern\Assignment01_155134X_TangZhiTern.vcxproj" (Rebuild target(s)) -- FAILED.

Build FAILED.

Time Elapsed 00:00:02.61
